<?xml version="1.0" encoding="UTF-8"?>
<testsuite xmlns:xsi="http://www.w3.org/2001/XMLSchema-instance" xsi:noNamespaceSchemaLocation="https://maven.apache.org/surefire/maven-surefire-plugin/xsd/surefire-test-report.xsd" name="com.atguigu.juc.Juc2021ApplicationTests" time="1.903" tests="1" errors="0" skipped="0" failures="0">
  <properties>
    <property name="gopherProxySet" value="false"/>
    <property name="awt.toolkit" value="sun.lwawt.macosx.LWCToolkit"/>
    <property name="file.encoding.pkg" value="sun.io"/>
    <property name="java.specification.version" value="1.8"/>
    <property name="sun.cpu.isalist" value=""/>
    <property name="sun.jnu.encoding" value="UTF-8"/>
    <property name="java.class.path" value="/Users/zhangxiaojun/work/study_workspace/concurrent/JUC/01.dachang.juc2021/target/test-classes:/Users/zhangxiaojun/work/study_workspace/concurrent/JUC/01.dachang.juc2021/target/classes:/Users/zhangxiaojun/work/tools/maven/repository/org/springframework/boot/spring-boot-starter-web/2.4.3/spring-boot-starter-web-2.4.3.jar:/Users/zhangxiaojun/work/tools/maven/repository/org/springframework/boot/spring-boot-starter/2.4.3/spring-boot-starter-2.4.3.jar:/Users/zhangxiaojun/work/tools/maven/repository/org/springframework/boot/spring-boot-starter-logging/2.4.3/spring-boot-starter-logging-2.4.3.jar:/Users/zhangxiaojun/work/tools/maven/repository/ch/qos/logback/logback-classic/1.2.3/logback-classic-1.2.3.jar:/Users/zhangxiaojun/work/tools/maven/repository/ch/qos/logback/logback-core/1.2.3/logback-core-1.2.3.jar:/Users/zhangxiaojun/work/tools/maven/repository/org/apache/logging/log4j/log4j-to-slf4j/2.13.3/log4j-to-slf4j-2.13.3.jar:/Users/zhangxiaojun/work/tools/maven/repository/org/apache/logging/log4j/log4j-api/2.13.3/log4j-api-2.13.3.jar:/Users/zhangxiaojun/work/tools/maven/repository/org/slf4j/jul-to-slf4j/1.7.30/jul-to-slf4j-1.7.30.jar:/Users/zhangxiaojun/work/tools/maven/repository/jakarta/annotation/jakarta.annotation-api/1.3.5/jakarta.annotation-api-1.3.5.jar:/Users/zhangxiaojun/work/tools/maven/repository/org/yaml/snakeyaml/1.27/snakeyaml-1.27.jar:/Users/zhangxiaojun/work/tools/maven/repository/org/springframework/boot/spring-boot-starter-json/2.4.3/spring-boot-starter-json-2.4.3.jar:/Users/zhangxiaojun/work/tools/maven/repository/com/fasterxml/jackson/core/jackson-databind/2.11.4/jackson-databind-2.11.4.jar:/Users/zhangxiaojun/work/tools/maven/repository/com/fasterxml/jackson/core/jackson-annotations/2.11.4/jackson-annotations-2.11.4.jar:/Users/zhangxiaojun/work/tools/maven/repository/com/fasterxml/jackson/core/jackson-core/2.11.4/jackson-core-2.11.4.jar:/Users/zhangxiaojun/work/tools/maven/repository/com/fasterxml/jackson/datatype/jackson-datatype-jdk8/2.11.4/jackson-datatype-jdk8-2.11.4.jar:/Users/zhangxiaojun/work/tools/maven/repository/com/fasterxml/jackson/datatype/jackson-datatype-jsr310/2.11.4/jackson-datatype-jsr310-2.11.4.jar:/Users/zhangxiaojun/work/tools/maven/repository/com/fasterxml/jackson/module/jackson-module-parameter-names/2.11.4/jackson-module-parameter-names-2.11.4.jar:/Users/zhangxiaojun/work/tools/maven/repository/org/springframework/boot/spring-boot-starter-tomcat/2.4.3/spring-boot-starter-tomcat-2.4.3.jar:/Users/zhangxiaojun/work/tools/maven/repository/org/apache/tomcat/embed/tomcat-embed-core/9.0.43/tomcat-embed-core-9.0.43.jar:/Users/zhangxiaojun/work/tools/maven/repository/org/glassfish/jakarta.el/3.0.3/jakarta.el-3.0.3.jar:/Users/zhangxiaojun/work/tools/maven/repository/org/apache/tomcat/embed/tomcat-embed-websocket/9.0.43/tomcat-embed-websocket-9.0.43.jar:/Users/zhangxiaojun/work/tools/maven/repository/org/springframework/spring-web/5.3.4/spring-web-5.3.4.jar:/Users/zhangxiaojun/work/tools/maven/repository/org/springframework/spring-beans/5.3.4/spring-beans-5.3.4.jar:/Users/zhangxiaojun/work/tools/maven/repository/org/springframework/spring-webmvc/5.3.4/spring-webmvc-5.3.4.jar:/Users/zhangxiaojun/work/tools/maven/repository/org/springframework/spring-aop/5.3.4/spring-aop-5.3.4.jar:/Users/zhangxiaojun/work/tools/maven/repository/org/springframework/spring-context/5.3.4/spring-context-5.3.4.jar:/Users/zhangxiaojun/work/tools/maven/repository/org/springframework/spring-expression/5.3.4/spring-expression-5.3.4.jar:/Users/zhangxiaojun/work/tools/maven/repository/org/openjdk/jol/jol-core/0.9/jol-core-0.9.jar:/Users/zhangxiaojun/work/tools/maven/repository/org/springframework/boot/spring-boot-devtools/2.4.3/spring-boot-devtools-2.4.3.jar:/Users/zhangxiaojun/work/tools/maven/repository/org/springframework/boot/spring-boot/2.4.3/spring-boot-2.4.3.jar:/Users/zhangxiaojun/work/tools/maven/repository/org/springframework/boot/spring-boot-autoconfigure/2.4.3/spring-boot-autoconfigure-2.4.3.jar:/Users/zhangxiaojun/work/tools/maven/repository/org/projectlombok/lombok/1.18.18/lombok-1.18.18.jar:/Users/zhangxiaojun/work/tools/maven/repository/org/springframework/boot/spring-boot-starter-test/2.4.3/spring-boot-starter-test-2.4.3.jar:/Users/zhangxiaojun/work/tools/maven/repository/org/springframework/boot/spring-boot-test/2.4.3/spring-boot-test-2.4.3.jar:/Users/zhangxiaojun/work/tools/maven/repository/org/springframework/boot/spring-boot-test-autoconfigure/2.4.3/spring-boot-test-autoconfigure-2.4.3.jar:/Users/zhangxiaojun/work/tools/maven/repository/com/jayway/jsonpath/json-path/2.4.0/json-path-2.4.0.jar:/Users/zhangxiaojun/work/tools/maven/repository/net/minidev/json-smart/2.3/json-smart-2.3.jar:/Users/zhangxiaojun/work/tools/maven/repository/net/minidev/accessors-smart/1.2/accessors-smart-1.2.jar:/Users/zhangxiaojun/work/tools/maven/repository/org/ow2/asm/asm/5.0.4/asm-5.0.4.jar:/Users/zhangxiaojun/work/tools/maven/repository/org/slf4j/slf4j-api/1.7.30/slf4j-api-1.7.30.jar:/Users/zhangxiaojun/work/tools/maven/repository/jakarta/xml/bind/jakarta.xml.bind-api/2.3.3/jakarta.xml.bind-api-2.3.3.jar:/Users/zhangxiaojun/work/tools/maven/repository/jakarta/activation/jakarta.activation-api/1.2.2/jakarta.activation-api-1.2.2.jar:/Users/zhangxiaojun/work/tools/maven/repository/org/assertj/assertj-core/3.18.1/assertj-core-3.18.1.jar:/Users/zhangxiaojun/work/tools/maven/repository/org/hamcrest/hamcrest/2.2/hamcrest-2.2.jar:/Users/zhangxiaojun/work/tools/maven/repository/org/junit/jupiter/junit-jupiter/5.7.1/junit-jupiter-5.7.1.jar:/Users/zhangxiaojun/work/tools/maven/repository/org/junit/jupiter/junit-jupiter-api/5.7.1/junit-jupiter-api-5.7.1.jar:/Users/zhangxiaojun/work/tools/maven/repository/org/apiguardian/apiguardian-api/1.1.0/apiguardian-api-1.1.0.jar:/Users/zhangxiaojun/work/tools/maven/repository/org/opentest4j/opentest4j/1.2.0/opentest4j-1.2.0.jar:/Users/zhangxiaojun/work/tools/maven/repository/org/junit/platform/junit-platform-commons/1.7.1/junit-platform-commons-1.7.1.jar:/Users/zhangxiaojun/work/tools/maven/repository/org/junit/jupiter/junit-jupiter-params/5.7.1/junit-jupiter-params-5.7.1.jar:/Users/zhangxiaojun/work/tools/maven/repository/org/junit/jupiter/junit-jupiter-engine/5.7.1/junit-jupiter-engine-5.7.1.jar:/Users/zhangxiaojun/work/tools/maven/repository/org/junit/platform/junit-platform-engine/1.7.1/junit-platform-engine-1.7.1.jar:/Users/zhangxiaojun/work/tools/maven/repository/org/mockito/mockito-core/3.6.28/mockito-core-3.6.28.jar:/Users/zhangxiaojun/work/tools/maven/repository/net/bytebuddy/byte-buddy/1.10.20/byte-buddy-1.10.20.jar:/Users/zhangxiaojun/work/tools/maven/repository/net/bytebuddy/byte-buddy-agent/1.10.20/byte-buddy-agent-1.10.20.jar:/Users/zhangxiaojun/work/tools/maven/repository/org/objenesis/objenesis/3.1/objenesis-3.1.jar:/Users/zhangxiaojun/work/tools/maven/repository/org/mockito/mockito-junit-jupiter/3.6.28/mockito-junit-jupiter-3.6.28.jar:/Users/zhangxiaojun/work/tools/maven/repository/org/skyscreamer/jsonassert/1.5.0/jsonassert-1.5.0.jar:/Users/zhangxiaojun/work/tools/maven/repository/com/vaadin/external/google/android-json/0.0.20131108.vaadin1/android-json-0.0.20131108.vaadin1.jar:/Users/zhangxiaojun/work/tools/maven/repository/org/springframework/spring-core/5.3.4/spring-core-5.3.4.jar:/Users/zhangxiaojun/work/tools/maven/repository/org/springframework/spring-jcl/5.3.4/spring-jcl-5.3.4.jar:/Users/zhangxiaojun/work/tools/maven/repository/org/springframework/spring-test/5.3.4/spring-test-5.3.4.jar:/Users/zhangxiaojun/work/tools/maven/repository/org/xmlunit/xmlunit-core/2.7.0/xmlunit-core-2.7.0.jar:"/>
    <property name="java.vm.vendor" value="Oracle Corporation"/>
    <property name="sun.arch.data.model" value="64"/>
    <property name="java.vendor.url" value="http://java.oracle.com/"/>
    <property name="user.timezone" value=""/>
    <property name="java.vm.specification.version" value="1.8"/>
    <property name="os.name" value="Mac OS X"/>
    <property name="user.country" value="CN"/>
    <property name="sun.java.launcher" value="SUN_STANDARD"/>
    <property name="sun.boot.library.path" value="/Library/Java/JavaVirtualMachines/jdk1.8.0_202.jdk/Contents/Home/jre/lib"/>
    <property name="sun.java.command" value="/Users/zhangxiaojun/work/study_workspace/concurrent/JUC/01.dachang.juc2021/target/surefire/surefirebooter4187398523782796623.jar /Users/zhangxiaojun/work/study_workspace/concurrent/JUC/01.dachang.juc2021/target/surefire 2024-04-19T18-04-18_671-jvmRun1 surefire5804159231902373093tmp surefire_08141447328223622656tmp"/>
    <property name="surefire.test.class.path" value="/Users/zhangxiaojun/work/study_workspace/concurrent/JUC/01.dachang.juc2021/target/test-classes:/Users/zhangxiaojun/work/study_workspace/concurrent/JUC/01.dachang.juc2021/target/classes:/Users/zhangxiaojun/work/tools/maven/repository/org/springframework/boot/spring-boot-starter-web/2.4.3/spring-boot-starter-web-2.4.3.jar:/Users/zhangxiaojun/work/tools/maven/repository/org/springframework/boot/spring-boot-starter/2.4.3/spring-boot-starter-2.4.3.jar:/Users/zhangxiaojun/work/tools/maven/repository/org/springframework/boot/spring-boot-starter-logging/2.4.3/spring-boot-starter-logging-2.4.3.jar:/Users/zhangxiaojun/work/tools/maven/repository/ch/qos/logback/logback-classic/1.2.3/logback-classic-1.2.3.jar:/Users/zhangxiaojun/work/tools/maven/repository/ch/qos/logback/logback-core/1.2.3/logback-core-1.2.3.jar:/Users/zhangxiaojun/work/tools/maven/repository/org/apache/logging/log4j/log4j-to-slf4j/2.13.3/log4j-to-slf4j-2.13.3.jar:/Users/zhangxiaojun/work/tools/maven/repository/org/apache/logging/log4j/log4j-api/2.13.3/log4j-api-2.13.3.jar:/Users/zhangxiaojun/work/tools/maven/repository/org/slf4j/jul-to-slf4j/1.7.30/jul-to-slf4j-1.7.30.jar:/Users/zhangxiaojun/work/tools/maven/repository/jakarta/annotation/jakarta.annotation-api/1.3.5/jakarta.annotation-api-1.3.5.jar:/Users/zhangxiaojun/work/tools/maven/repository/org/yaml/snakeyaml/1.27/snakeyaml-1.27.jar:/Users/zhangxiaojun/work/tools/maven/repository/org/springframework/boot/spring-boot-starter-json/2.4.3/spring-boot-starter-json-2.4.3.jar:/Users/zhangxiaojun/work/tools/maven/repository/com/fasterxml/jackson/core/jackson-databind/2.11.4/jackson-databind-2.11.4.jar:/Users/zhangxiaojun/work/tools/maven/repository/com/fasterxml/jackson/core/jackson-annotations/2.11.4/jackson-annotations-2.11.4.jar:/Users/zhangxiaojun/work/tools/maven/repository/com/fasterxml/jackson/core/jackson-core/2.11.4/jackson-core-2.11.4.jar:/Users/zhangxiaojun/work/tools/maven/repository/com/fasterxml/jackson/datatype/jackson-datatype-jdk8/2.11.4/jackson-datatype-jdk8-2.11.4.jar:/Users/zhangxiaojun/work/tools/maven/repository/com/fasterxml/jackson/datatype/jackson-datatype-jsr310/2.11.4/jackson-datatype-jsr310-2.11.4.jar:/Users/zhangxiaojun/work/tools/maven/repository/com/fasterxml/jackson/module/jackson-module-parameter-names/2.11.4/jackson-module-parameter-names-2.11.4.jar:/Users/zhangxiaojun/work/tools/maven/repository/org/springframework/boot/spring-boot-starter-tomcat/2.4.3/spring-boot-starter-tomcat-2.4.3.jar:/Users/zhangxiaojun/work/tools/maven/repository/org/apache/tomcat/embed/tomcat-embed-core/9.0.43/tomcat-embed-core-9.0.43.jar:/Users/zhangxiaojun/work/tools/maven/repository/org/glassfish/jakarta.el/3.0.3/jakarta.el-3.0.3.jar:/Users/zhangxiaojun/work/tools/maven/repository/org/apache/tomcat/embed/tomcat-embed-websocket/9.0.43/tomcat-embed-websocket-9.0.43.jar:/Users/zhangxiaojun/work/tools/maven/repository/org/springframework/spring-web/5.3.4/spring-web-5.3.4.jar:/Users/zhangxiaojun/work/tools/maven/repository/org/springframework/spring-beans/5.3.4/spring-beans-5.3.4.jar:/Users/zhangxiaojun/work/tools/maven/repository/org/springframework/spring-webmvc/5.3.4/spring-webmvc-5.3.4.jar:/Users/zhangxiaojun/work/tools/maven/repository/org/springframework/spring-aop/5.3.4/spring-aop-5.3.4.jar:/Users/zhangxiaojun/work/tools/maven/repository/org/springframework/spring-context/5.3.4/spring-context-5.3.4.jar:/Users/zhangxiaojun/work/tools/maven/repository/org/springframework/spring-expression/5.3.4/spring-expression-5.3.4.jar:/Users/zhangxiaojun/work/tools/maven/repository/org/openjdk/jol/jol-core/0.9/jol-core-0.9.jar:/Users/zhangxiaojun/work/tools/maven/repository/org/springframework/boot/spring-boot-devtools/2.4.3/spring-boot-devtools-2.4.3.jar:/Users/zhangxiaojun/work/tools/maven/repository/org/springframework/boot/spring-boot/2.4.3/spring-boot-2.4.3.jar:/Users/zhangxiaojun/work/tools/maven/repository/org/springframework/boot/spring-boot-autoconfigure/2.4.3/spring-boot-autoconfigure-2.4.3.jar:/Users/zhangxiaojun/work/tools/maven/repository/org/projectlombok/lombok/1.18.18/lombok-1.18.18.jar:/Users/zhangxiaojun/work/tools/maven/repository/org/springframework/boot/spring-boot-starter-test/2.4.3/spring-boot-starter-test-2.4.3.jar:/Users/zhangxiaojun/work/tools/maven/repository/org/springframework/boot/spring-boot-test/2.4.3/spring-boot-test-2.4.3.jar:/Users/zhangxiaojun/work/tools/maven/repository/org/springframework/boot/spring-boot-test-autoconfigure/2.4.3/spring-boot-test-autoconfigure-2.4.3.jar:/Users/zhangxiaojun/work/tools/maven/repository/com/jayway/jsonpath/json-path/2.4.0/json-path-2.4.0.jar:/Users/zhangxiaojun/work/tools/maven/repository/net/minidev/json-smart/2.3/json-smart-2.3.jar:/Users/zhangxiaojun/work/tools/maven/repository/net/minidev/accessors-smart/1.2/accessors-smart-1.2.jar:/Users/zhangxiaojun/work/tools/maven/repository/org/ow2/asm/asm/5.0.4/asm-5.0.4.jar:/Users/zhangxiaojun/work/tools/maven/repository/org/slf4j/slf4j-api/1.7.30/slf4j-api-1.7.30.jar:/Users/zhangxiaojun/work/tools/maven/repository/jakarta/xml/bind/jakarta.xml.bind-api/2.3.3/jakarta.xml.bind-api-2.3.3.jar:/Users/zhangxiaojun/work/tools/maven/repository/jakarta/activation/jakarta.activation-api/1.2.2/jakarta.activation-api-1.2.2.jar:/Users/zhangxiaojun/work/tools/maven/repository/org/assertj/assertj-core/3.18.1/assertj-core-3.18.1.jar:/Users/zhangxiaojun/work/tools/maven/repository/org/hamcrest/hamcrest/2.2/hamcrest-2.2.jar:/Users/zhangxiaojun/work/tools/maven/repository/org/junit/jupiter/junit-jupiter/5.7.1/junit-jupiter-5.7.1.jar:/Users/zhangxiaojun/work/tools/maven/repository/org/junit/jupiter/junit-jupiter-api/5.7.1/junit-jupiter-api-5.7.1.jar:/Users/zhangxiaojun/work/tools/maven/repository/org/apiguardian/apiguardian-api/1.1.0/apiguardian-api-1.1.0.jar:/Users/zhangxiaojun/work/tools/maven/repository/org/opentest4j/opentest4j/1.2.0/opentest4j-1.2.0.jar:/Users/zhangxiaojun/work/tools/maven/repository/org/junit/platform/junit-platform-commons/1.7.1/junit-platform-commons-1.7.1.jar:/Users/zhangxiaojun/work/tools/maven/repository/org/junit/jupiter/junit-jupiter-params/5.7.1/junit-jupiter-params-5.7.1.jar:/Users/zhangxiaojun/work/tools/maven/repository/org/junit/jupiter/junit-jupiter-engine/5.7.1/junit-jupiter-engine-5.7.1.jar:/Users/zhangxiaojun/work/tools/maven/repository/org/junit/platform/junit-platform-engine/1.7.1/junit-platform-engine-1.7.1.jar:/Users/zhangxiaojun/work/tools/maven/repository/org/mockito/mockito-core/3.6.28/mockito-core-3.6.28.jar:/Users/zhangxiaojun/work/tools/maven/repository/net/bytebuddy/byte-buddy/1.10.20/byte-buddy-1.10.20.jar:/Users/zhangxiaojun/work/tools/maven/repository/net/bytebuddy/byte-buddy-agent/1.10.20/byte-buddy-agent-1.10.20.jar:/Users/zhangxiaojun/work/tools/maven/repository/org/objenesis/objenesis/3.1/objenesis-3.1.jar:/Users/zhangxiaojun/work/tools/maven/repository/org/mockito/mockito-junit-jupiter/3.6.28/mockito-junit-jupiter-3.6.28.jar:/Users/zhangxiaojun/work/tools/maven/repository/org/skyscreamer/jsonassert/1.5.0/jsonassert-1.5.0.jar:/Users/zhangxiaojun/work/tools/maven/repository/com/vaadin/external/google/android-json/0.0.20131108.vaadin1/android-json-0.0.20131108.vaadin1.jar:/Users/zhangxiaojun/work/tools/maven/repository/org/springframework/spring-core/5.3.4/spring-core-5.3.4.jar:/Users/zhangxiaojun/work/tools/maven/repository/org/springframework/spring-jcl/5.3.4/spring-jcl-5.3.4.jar:/Users/zhangxiaojun/work/tools/maven/repository/org/springframework/spring-test/5.3.4/spring-test-5.3.4.jar:/Users/zhangxiaojun/work/tools/maven/repository/org/xmlunit/xmlunit-core/2.7.0/xmlunit-core-2.7.0.jar:"/>
    <property name="sun.cpu.endian" value="little"/>
    <property name="user.home" value="/Users/zhangxiaojun"/>
    <property name="user.language" value="zh"/>
    <property name="java.specification.vendor" value="Oracle Corporation"/>
    <property name="java.home" value="/Library/Java/JavaVirtualMachines/jdk1.8.0_202.jdk/Contents/Home/jre"/>
    <property name="basedir" value="/Users/zhangxiaojun/work/study_workspace/concurrent/JUC/01.dachang.juc2021"/>
    <property name="file.separator" value="/"/>
    <property name="line.separator" value="&#10;"/>
    <property name="java.vm.specification.vendor" value="Oracle Corporation"/>
    <property name="java.specification.name" value="Java Platform API Specification"/>
    <property name="java.awt.graphicsenv" value="sun.awt.CGraphicsEnvironment"/>
    <property name="surefire.real.class.path" value="/Users/zhangxiaojun/work/study_workspace/concurrent/JUC/01.dachang.juc2021/target/surefire/surefirebooter4187398523782796623.jar"/>
    <property name="sun.boot.class.path" value="/Library/Java/JavaVirtualMachines/jdk1.8.0_202.jdk/Contents/Home/jre/lib/resources.jar:/Library/Java/JavaVirtualMachines/jdk1.8.0_202.jdk/Contents/Home/jre/lib/rt.jar:/Library/Java/JavaVirtualMachines/jdk1.8.0_202.jdk/Contents/Home/jre/lib/sunrsasign.jar:/Library/Java/JavaVirtualMachines/jdk1.8.0_202.jdk/Contents/Home/jre/lib/jsse.jar:/Library/Java/JavaVirtualMachines/jdk1.8.0_202.jdk/Contents/Home/jre/lib/jce.jar:/Library/Java/JavaVirtualMachines/jdk1.8.0_202.jdk/Contents/Home/jre/lib/charsets.jar:/Library/Java/JavaVirtualMachines/jdk1.8.0_202.jdk/Contents/Home/jre/lib/jfr.jar:/Library/Java/JavaVirtualMachines/jdk1.8.0_202.jdk/Contents/Home/jre/classes"/>
    <property name="sun.management.compiler" value="HotSpot 64-Bit Tiered Compilers"/>
    <property name="java.runtime.version" value="1.8.0_202-b08"/>
    <property name="user.name" value="zhangxiaojun10"/>
    <property name="path.separator" value=":"/>
    <property name="os.version" value="10.16"/>
    <property name="java.endorsed.dirs" value="/Library/Java/JavaVirtualMachines/jdk1.8.0_202.jdk/Contents/Home/jre/lib/endorsed"/>
    <property name="java.runtime.name" value="Java(TM) SE Runtime Environment"/>
    <property name="file.encoding" value="UTF-8"/>
    <property name="java.vm.name" value="Java HotSpot(TM) 64-Bit Server VM"/>
    <property name="localRepository" value="/Users/zhangxiaojun/work/tools/maven/repository"/>
    <property name="java.vendor.url.bug" value="http://bugreport.sun.com/bugreport/"/>
    <property name="java.io.tmpdir" value="/var/folders/lh/l_5g9p3d023d7_1chc9jd_h40000gp/T/"/>
    <property name="idea.version" value="2021.2.4"/>
    <property name="java.version" value="1.8.0_202"/>
    <property name="user.dir" value="/Users/zhangxiaojun/work/study_workspace/concurrent/JUC/01.dachang.juc2021"/>
    <property name="os.arch" value="x86_64"/>
    <property name="java.vm.specification.name" value="Java Virtual Machine Specification"/>
    <property name="java.awt.printerjob" value="sun.lwawt.macosx.CPrinterJob"/>
    <property name="sun.os.patch.level" value="unknown"/>
    <property name="java.library.path" value="/Users/zhangxiaojun/Library/Java/Extensions:/Library/Java/Extensions:/Network/Library/Java/Extensions:/System/Library/Java/Extensions:/usr/lib/java:."/>
    <property name="java.vm.info" value="mixed mode"/>
    <property name="java.vendor" value="Oracle Corporation"/>
    <property name="java.vm.version" value="25.202-b08"/>
    <property name="java.ext.dirs" value="/Users/zhangxiaojun/Library/Java/Extensions:/Library/Java/JavaVirtualMachines/jdk1.8.0_202.jdk/Contents/Home/jre/lib/ext:/Library/Java/Extensions:/Network/Library/Java/Extensions:/System/Library/Java/Extensions:/usr/lib/java"/>
    <property name="sun.io.unicode.encoding" value="UnicodeBig"/>
    <property name="maven.repo.local" value="/Users/zhangxiaojun/work/tools/maven/repository"/>
    <property name="java.class.version" value="52.0"/>
  </properties>
  <testcase name="contextLoads" classname="com.atguigu.juc.Juc2021ApplicationTests" time="0.172"/>
</testsuite>